<?xml version="1.0" ?>
<testsuites xmlns:xsi="http://www.w3.org/2001/XMLSchema-instance" xsi:noNamespaceSchemaLocation="../../submodules/tutorial-hxs-common/JUnit.xsd">
   <testsuite name="testSuiteAbnormal" tests="1" skipped="0" errors="0" failures="0" timestamp="2025-08-27T14:54:16" time="0" hostname="eccelerators.com" id="0" package="default.package">
      <properties/>
      <testcase name="testSuiteAbnormal_testCasePeriodChangeToTooSmall" classname="testSuiteAbnormal" time="0.007056"/>
      <system-out># vsim -t ps -L work work.tbTop -batch -gstimulus_path=/home/vagrant/git/tutorial/tutorial-hxs-bitfield-register-pulse-generator-plain/tb/simstm/ -gstimulus_file=testMainSuiteAbnormal.stm -gstimulus_main_entry_label=$testMainSuiteAbnormal -gtutorial_flavour=1 -gtutorial_bustype=2 -do &quot;run_all.do&quot; 
# Start time: 14:54:15 on Aug 27,2025
# ** Note: (vsim-8009) Loading existing optimized design _opt
# //  Questa Intel Starter FPGA Edition-64
# //  Version 2023.3 linux_x86_64 Jul 17 2023
# //
# //  Copyright 1991-2023 Mentor Graphics Corporation
# //  All Rights Reserved.
# //
# //  QuestaSim and its associated documentation contain trade
# //  secrets and commercial or financial information that are the property of
# //  Mentor Graphics Corporation and are privileged, confidential,
# //  and exempt from disclosure under the Freedom of Information Act,
# //  5 U.S.C. Section 552. Furthermore, this information
# //  is prohibited from disclosure under the Trade Secrets Act,
# //  18 U.S.C. Section 1905.
# //
# Loading std.standard
# Loading std.textio(body)
# Loading ieee.std_logic_1164(body)
# Loading ieee.numeric_std(body)
# Loading work.basic(body)
# Loading ieee.math_real(body)
# Loading work.tb_base_pkg(body)
# Loading work.tb_bus_avalon_32_pkg(body)
# Loading work.tb_bus_axi4lite_32_pkg(body)
# Loading work.tb_bus_wishbone_32_pkg(body)
# Loading work.tb_bus_pkg(body)
# Loading work.tb_signals_pkg(body)
# Loading work.pulsegeneratorplainifcuserpackage
# Loading std.env(body)
# Loading work.tb_instructions_pkg(body)
# Loading work.tb_interpreter_pkg(body)
# Loading work.pulsegeneratorplainifcwishbonepackage
# Loading work.pulsegeneratorplainifcavalonpackage
# Loading work.pulsegeneratorplainifcaxi4litepackage
# Loading work.tbtop(behavioural)#1
# Loading work.tb_simstm(behavioural)#1
# Loading work.pulsegeneratorplainifcaxi4lite(behavioural)#1
# 
# do run_all.do
# ** Warning: NUMERIC_STD.&quot;&gt;=&quot;: metavalue detected, returning FALSE
#    Time: 0 ps  Iteration: 0  Instance: /tbtop/g_tb_DutAxi4Lite/i_tbDutAxi4Lite/i_PulseGeneratorPlainAxi4LiteHxs/i_PulseGeneratorPlainIfcAxi4Lite/i_PulseGeneratorPlainBlk_PulseGeneratorPlainIfcAxi4Lite
# ** Warning: NUMERIC_STD.&quot;&gt;=&quot;: metavalue detected, returning FALSE
#    Time: 0 ps  Iteration: 0  Instance: /tbtop/g_tb_DutAxi4Lite/i_tbDutAxi4Lite/i_PulseGeneratorPlainAxi4LiteHxs/i_PulseGeneratorPlainIfcAxi4Lite/i_PulseGeneratorPlainBlk_PulseGeneratorPlainIfcAxi4Lite
# ** Warning: NUMERIC_STD.&quot;&gt;=&quot;: metavalue detected, returning FALSE
#    Time: 0 ps  Iteration: 0  Instance: /tbtop/g_tb_DutAxi4Lite/i_tbDutAxi4Lite/i_PulseGeneratorPlainAxi4LiteHxs/i_PulseGeneratorPlainIfcAxi4Lite/i_PulseGeneratorPlainBlk_PulseGeneratorPlainIfcAxi4Lite
# ** Warning: NUMERIC_STD.&quot;&gt;=&quot;: metavalue detected, returning FALSE
#    Time: 0 ps  Iteration: 0  Instance: /tbtop/g_tb_DutAxi4Lite/i_tbDutAxi4Lite/i_PulseGeneratorPlainAxi4LiteHxs/i_PulseGeneratorPlainIfcAxi4Lite/i_PulseGeneratorPlainBlk_PulseGeneratorPlainIfcAxi4Lite
# ** Warning: NUMERIC_STD.&quot;&gt;=&quot;: metavalue detected, returning FALSE
#    Time: 0 ps  Iteration: 0  Instance: /tbtop/g_tb_DutAxi4Lite/i_tbDutAxi4Lite/i_PulseGeneratorPlainAxi4LiteHxs/i_PulseGeneratorPlainIfcAxi4Lite/i_PulseGeneratorPlainBlk_PulseGeneratorPlainIfcAxi4Lite
# ** Warning: NUMERIC_STD.&quot;&gt;=&quot;: metavalue detected, returning FALSE
#    Time: 0 ps  Iteration: 0  Instance: /tbtop/g_tb_DutAxi4Lite/i_tbDutAxi4Lite/i_PulseGeneratorPlainAxi4LiteHxs/i_PulseGeneratorPlainIfcAxi4Lite/i_PulseGeneratorPlainBlk_PulseGeneratorPlainIfcAxi4Lite
# ** Warning: NUMERIC_STD.&quot;&gt;=&quot;: metavalue detected, returning FALSE
#    Time: 0 ps  Iteration: 0  Instance: /tbtop/g_tb_DutAxi4Lite/i_tbDutAxi4Lite/i_PulseGeneratorPlainAxi4LiteHxs/i_PulseGeneratorPlainIfcAxi4Lite/i_PulseGeneratorPlainBlk_PulseGeneratorPlainIfcAxi4Lite
# ** Warning: NUMERIC_STD.&quot;&gt;=&quot;: metavalue detected, returning FALSE
#    Time: 0 ps  Iteration: 0  Instance: /tbtop/g_tb_DutAxi4Lite/i_tbDutAxi4Lite/i_PulseGeneratorPlainAxi4LiteHxs/i_PulseGeneratorPlainIfcAxi4Lite/i_PulseGeneratorPlainBlk_PulseGeneratorPlainIfcAxi4Lite
# ** Warning: NUMERIC_STD.&quot;&gt;=&quot;: metavalue detected, returning FALSE
#    Time: 0 ps  Iteration: 0  Instance: /tbtop/g_tb_DutAxi4Lite/i_tbDutAxi4Lite/i_PulseGeneratorPlainAxi4LiteHxs/i_PulseGeneratorPlainIfcAxi4Lite/i_PulseGeneratorPlainBlk_PulseGeneratorPlainIfcAxi4Lite
# ** Warning: NUMERIC_STD.&quot;&gt;=&quot;: metavalue detected, returning FALSE
#    Time: 0 ps  Iteration: 0  Instance: /tbtop/g_tb_DutAxi4Lite/i_tbDutAxi4Lite/i_PulseGeneratorPlainAxi4LiteHxs/i_PulseGeneratorPlainIfcAxi4Lite/i_PulseGeneratorPlainBlk_PulseGeneratorPlainIfcAxi4Lite
# ** Warning: NUMERIC_STD.&quot;&gt;=&quot;: metavalue detected, returning FALSE
#    Time: 0 ps  Iteration: 0  Instance: /tbtop/g_tb_DutAxi4Lite/i_tbDutAxi4Lite/i_PulseGeneratorPlainAxi4LiteHxs/i_PulseGeneratorPlainIfcAxi4Lite/i_PulseGeneratorPlainBlk_PulseGeneratorPlainIfcAxi4Lite
# ** Warning: NUMERIC_STD.&quot;&gt;=&quot;: metavalue detected, returning FALSE
#    Time: 0 ps  Iteration: 0  Instance: /tbtop/g_tb_DutAxi4Lite/i_tbDutAxi4Lite/i_PulseGeneratorPlainAxi4LiteHxs/i_PulseGeneratorPlainIfcAxi4Lite/i_PulseGeneratorPlainBlk_PulseGeneratorPlainIfcAxi4Lite
# include found: loading file /home/vagrant/git/tutorial/tutorial-hxs-bitfield-register-pulse-generator-plain/tb/simstm/Common/Common.stm
# nested include found in : /home/vagrant/git/tutorial/tutorial-hxs-bitfield-register-pulse-generator-plain/tb/simstm/Common/Common.stm
# nested include found: loading file /home/vagrant/git/tutorial/tutorial-hxs-bitfield-register-pulse-generator-plain/tb/simstm/../../src-gen/simstm/PulseGeneratorPlainIfc.stm
# nested include found in : /home/vagrant/git/tutorial/tutorial-hxs-bitfield-register-pulse-generator-plain/tb/simstm/Common/Common.stm
# nested include found: loading file /home/vagrant/git/tutorial/tutorial-hxs-bitfield-register-pulse-generator-plain/tb/simstm/Base/Base.stm
# nested include found in : /home/vagrant/git/tutorial/tutorial-hxs-bitfield-register-pulse-generator-plain/tb/simstm/Common/Common.stm
# nested include found: loading file /home/vagrant/git/tutorial/tutorial-hxs-bitfield-register-pulse-generator-plain/tb/simstm/Base/Array.stm
# nested include found in : /home/vagrant/git/tutorial/tutorial-hxs-bitfield-register-pulse-generator-plain/tb/simstm/Common/Common.stm
# nested include found: loading file /home/vagrant/git/tutorial/tutorial-hxs-bitfield-register-pulse-generator-plain/tb/simstm/Base/ReadModifyWrite.stm
# nested include found in : /home/vagrant/git/tutorial/tutorial-hxs-bitfield-register-pulse-generator-plain/tb/simstm/Common/Common.stm
# nested include found: loading file /home/vagrant/git/tutorial/tutorial-hxs-bitfield-register-pulse-generator-plain/tb/simstm/SetGet/PulseGeneratorPlainSetGet.stm
# nested include found in : /home/vagrant/git/tutorial/tutorial-hxs-bitfield-register-pulse-generator-plain/tb/simstm/Common/Common.stm
# nested include found: loading file /home/vagrant/git/tutorial/tutorial-hxs-bitfield-register-pulse-generator-plain/tb/simstm/Abnormal/DynamicConfigMistakes.stm
# nested include found in : /home/vagrant/git/tutorial/tutorial-hxs-bitfield-register-pulse-generator-plain/tb/simstm/Common/Common.stm
# nested include found: loading file /home/vagrant/git/tutorial/tutorial-hxs-bitfield-register-pulse-generator-plain/tb/simstm/Regular/StaticConfig.stm
# nested include found in : /home/vagrant/git/tutorial/tutorial-hxs-bitfield-register-pulse-generator-plain/tb/simstm/Common/Common.stm
# nested include found: loading file /home/vagrant/git/tutorial/tutorial-hxs-bitfield-register-pulse-generator-plain/tb/simstm/TestCase/TestCase.stm
# nested include found in : /home/vagrant/git/tutorial/tutorial-hxs-bitfield-register-pulse-generator-plain/tb/simstm/Common/Common.stm
# nested include found: loading file /home/vagrant/git/tutorial/tutorial-hxs-bitfield-register-pulse-generator-plain/tb/simstm/TestSuites/TestSuiteAbnormal.stm
# nested include found in : /home/vagrant/git/tutorial/tutorial-hxs-bitfield-register-pulse-generator-plain/tb/simstm/Common/Common.stm
# nested include found: loading file /home/vagrant/git/tutorial/tutorial-hxs-bitfield-register-pulse-generator-plain/tb/simstm/TestSuites/TestSuiteRegular.stm
# Main test suite Abnormal behaviours started
# **********START*TESTCASE*testSuiteAbnormal_testCasePeriodChangeToTooSmall**********
# Started at simulation time of 1004ns
# testPeriodChangeToTooSmall started
# Passed 2 verify instructions
# Passed 8 timeout monitored bus access instructions
# Success
# testPeriodChangeToTooSmall ended
# Ended at simulation time of 4768ns
# **********END*TESTCASE*testSuiteAbnormal_testCasePeriodChangeToTooSmall**********
# Main test suite Abnormal behaviours ended
# ** Note: Verify passes 2
#    Time: 5771400 ps  Iteration: 0  Instance: /tbtop/i_tb_simstm
# ** Note: Timeout monitored bus access passes 8
#    Time: 5771400 ps  Iteration: 0  Instance: /tbtop/i_tb_simstm
# ** Note: SUCCESS
#    Time: 5771400 ps  Iteration: 0  Instance: /tbtop/i_tb_simstm
# ** Note: Test finished
#    Time: 5771400 ps  Iteration: 0  Instance: /tbtop/i_tb_simstm
# End time: 14:54:16 on Aug 27,2025, Elapsed time: 0:00:01
# Errors: 0, Warnings: 12
</system-out>
      <system-err/>
   </testsuite>
   <testsuite name="testSuiteRegular" tests="1" skipped="0" errors="0" failures="0" timestamp="2025-08-27T14:54:16" time="0" hostname="eccelerators.com" id="0" package="default.package">
      <properties/>
      <testcase name="testSuiteRegular_testCasePeriod4000nsWidth1500ns" classname="testSuiteRegular" time="0.113259"/>
      <system-out># vsim -t ps -L work work.tbTop -batch -gstimulus_path=/home/vagrant/git/tutorial/tutorial-hxs-bitfield-register-pulse-generator-plain/tb/simstm/ -gstimulus_file=testMainSuiteRegular.stm -gstimulus_main_entry_label=$testMainSuiteRegular -gtutorial_flavour=1 -gtutorial_bustype=2 -do &quot;run_all.do&quot; 
# Start time: 14:54:15 on Aug 27,2025
# ** Note: (vsim-8009) Loading existing optimized design _opt1
# //  Questa Intel Starter FPGA Edition-64
# //  Version 2023.3 linux_x86_64 Jul 17 2023
# //
# //  Copyright 1991-2023 Mentor Graphics Corporation
# //  All Rights Reserved.
# //
# //  QuestaSim and its associated documentation contain trade
# //  secrets and commercial or financial information that are the property of
# //  Mentor Graphics Corporation and are privileged, confidential,
# //  and exempt from disclosure under the Freedom of Information Act,
# //  5 U.S.C. Section 552. Furthermore, this information
# //  is prohibited from disclosure under the Trade Secrets Act,
# //  18 U.S.C. Section 1905.
# //
# Loading std.standard
# Loading std.textio(body)
# Loading ieee.std_logic_1164(body)
# Loading ieee.numeric_std(body)
# Loading work.basic(body)
# Loading ieee.math_real(body)
# Loading work.tb_base_pkg(body)
# Loading work.tb_bus_avalon_32_pkg(body)
# Loading work.tb_bus_axi4lite_32_pkg(body)
# Loading work.tb_bus_wishbone_32_pkg(body)
# Loading work.tb_bus_pkg(body)
# Loading work.tb_signals_pkg(body)
# Loading work.pulsegeneratorplainifcuserpackage
# Loading std.env(body)
# Loading work.tb_instructions_pkg(body)
# Loading work.tb_interpreter_pkg(body)
# Loading work.pulsegeneratorplainifcwishbonepackage
# Loading work.pulsegeneratorplainifcavalonpackage
# Loading work.pulsegeneratorplainifcaxi4litepackage
# Loading work.tbtop(behavioural)#1
# Loading work.tb_simstm(behavioural)#1
# Loading work.pulsegeneratorplainifcaxi4lite(behavioural)#1
# 
# do run_all.do
# ** Warning: NUMERIC_STD.&quot;&gt;=&quot;: metavalue detected, returning FALSE
#    Time: 0 ps  Iteration: 0  Instance: /tbtop/g_tb_DutAxi4Lite/i_tbDutAxi4Lite/i_PulseGeneratorPlainAxi4LiteHxs/i_PulseGeneratorPlainIfcAxi4Lite/i_PulseGeneratorPlainBlk_PulseGeneratorPlainIfcAxi4Lite
# ** Warning: NUMERIC_STD.&quot;&gt;=&quot;: metavalue detected, returning FALSE
#    Time: 0 ps  Iteration: 0  Instance: /tbtop/g_tb_DutAxi4Lite/i_tbDutAxi4Lite/i_PulseGeneratorPlainAxi4LiteHxs/i_PulseGeneratorPlainIfcAxi4Lite/i_PulseGeneratorPlainBlk_PulseGeneratorPlainIfcAxi4Lite
# ** Warning: NUMERIC_STD.&quot;&gt;=&quot;: metavalue detected, returning FALSE
#    Time: 0 ps  Iteration: 0  Instance: /tbtop/g_tb_DutAxi4Lite/i_tbDutAxi4Lite/i_PulseGeneratorPlainAxi4LiteHxs/i_PulseGeneratorPlainIfcAxi4Lite/i_PulseGeneratorPlainBlk_PulseGeneratorPlainIfcAxi4Lite
# ** Warning: NUMERIC_STD.&quot;&gt;=&quot;: metavalue detected, returning FALSE
#    Time: 0 ps  Iteration: 0  Instance: /tbtop/g_tb_DutAxi4Lite/i_tbDutAxi4Lite/i_PulseGeneratorPlainAxi4LiteHxs/i_PulseGeneratorPlainIfcAxi4Lite/i_PulseGeneratorPlainBlk_PulseGeneratorPlainIfcAxi4Lite
# ** Warning: NUMERIC_STD.&quot;&gt;=&quot;: metavalue detected, returning FALSE
#    Time: 0 ps  Iteration: 0  Instance: /tbtop/g_tb_DutAxi4Lite/i_tbDutAxi4Lite/i_PulseGeneratorPlainAxi4LiteHxs/i_PulseGeneratorPlainIfcAxi4Lite/i_PulseGeneratorPlainBlk_PulseGeneratorPlainIfcAxi4Lite
# ** Warning: NUMERIC_STD.&quot;&gt;=&quot;: metavalue detected, returning FALSE
#    Time: 0 ps  Iteration: 0  Instance: /tbtop/g_tb_DutAxi4Lite/i_tbDutAxi4Lite/i_PulseGeneratorPlainAxi4LiteHxs/i_PulseGeneratorPlainIfcAxi4Lite/i_PulseGeneratorPlainBlk_PulseGeneratorPlainIfcAxi4Lite
# ** Warning: NUMERIC_STD.&quot;&gt;=&quot;: metavalue detected, returning FALSE
#    Time: 0 ps  Iteration: 0  Instance: /tbtop/g_tb_DutAxi4Lite/i_tbDutAxi4Lite/i_PulseGeneratorPlainAxi4LiteHxs/i_PulseGeneratorPlainIfcAxi4Lite/i_PulseGeneratorPlainBlk_PulseGeneratorPlainIfcAxi4Lite
# ** Warning: NUMERIC_STD.&quot;&gt;=&quot;: metavalue detected, returning FALSE
#    Time: 0 ps  Iteration: 0  Instance: /tbtop/g_tb_DutAxi4Lite/i_tbDutAxi4Lite/i_PulseGeneratorPlainAxi4LiteHxs/i_PulseGeneratorPlainIfcAxi4Lite/i_PulseGeneratorPlainBlk_PulseGeneratorPlainIfcAxi4Lite
# ** Warning: NUMERIC_STD.&quot;&gt;=&quot;: metavalue detected, returning FALSE
#    Time: 0 ps  Iteration: 0  Instance: /tbtop/g_tb_DutAxi4Lite/i_tbDutAxi4Lite/i_PulseGeneratorPlainAxi4LiteHxs/i_PulseGeneratorPlainIfcAxi4Lite/i_PulseGeneratorPlainBlk_PulseGeneratorPlainIfcAxi4Lite
# ** Warning: NUMERIC_STD.&quot;&gt;=&quot;: metavalue detected, returning FALSE
#    Time: 0 ps  Iteration: 0  Instance: /tbtop/g_tb_DutAxi4Lite/i_tbDutAxi4Lite/i_PulseGeneratorPlainAxi4LiteHxs/i_PulseGeneratorPlainIfcAxi4Lite/i_PulseGeneratorPlainBlk_PulseGeneratorPlainIfcAxi4Lite
# ** Warning: NUMERIC_STD.&quot;&gt;=&quot;: metavalue detected, returning FALSE
#    Time: 0 ps  Iteration: 0  Instance: /tbtop/g_tb_DutAxi4Lite/i_tbDutAxi4Lite/i_PulseGeneratorPlainAxi4LiteHxs/i_PulseGeneratorPlainIfcAxi4Lite/i_PulseGeneratorPlainBlk_PulseGeneratorPlainIfcAxi4Lite
# ** Warning: NUMERIC_STD.&quot;&gt;=&quot;: metavalue detected, returning FALSE
#    Time: 0 ps  Iteration: 0  Instance: /tbtop/g_tb_DutAxi4Lite/i_tbDutAxi4Lite/i_PulseGeneratorPlainAxi4LiteHxs/i_PulseGeneratorPlainIfcAxi4Lite/i_PulseGeneratorPlainBlk_PulseGeneratorPlainIfcAxi4Lite
# include found: loading file /home/vagrant/git/tutorial/tutorial-hxs-bitfield-register-pulse-generator-plain/tb/simstm/Common/Common.stm
# nested include found in : /home/vagrant/git/tutorial/tutorial-hxs-bitfield-register-pulse-generator-plain/tb/simstm/Common/Common.stm
# nested include found: loading file /home/vagrant/git/tutorial/tutorial-hxs-bitfield-register-pulse-generator-plain/tb/simstm/../../src-gen/simstm/PulseGeneratorPlainIfc.stm
# nested include found in : /home/vagrant/git/tutorial/tutorial-hxs-bitfield-register-pulse-generator-plain/tb/simstm/Common/Common.stm
# nested include found: loading file /home/vagrant/git/tutorial/tutorial-hxs-bitfield-register-pulse-generator-plain/tb/simstm/Base/Base.stm
# nested include found in : /home/vagrant/git/tutorial/tutorial-hxs-bitfield-register-pulse-generator-plain/tb/simstm/Common/Common.stm
# nested include found: loading file /home/vagrant/git/tutorial/tutorial-hxs-bitfield-register-pulse-generator-plain/tb/simstm/Base/Array.stm
# nested include found in : /home/vagrant/git/tutorial/tutorial-hxs-bitfield-register-pulse-generator-plain/tb/simstm/Common/Common.stm
# nested include found: loading file /home/vagrant/git/tutorial/tutorial-hxs-bitfield-register-pulse-generator-plain/tb/simstm/Base/ReadModifyWrite.stm
# nested include found in : /home/vagrant/git/tutorial/tutorial-hxs-bitfield-register-pulse-generator-plain/tb/simstm/Common/Common.stm
# nested include found: loading file /home/vagrant/git/tutorial/tutorial-hxs-bitfield-register-pulse-generator-plain/tb/simstm/SetGet/PulseGeneratorPlainSetGet.stm
# nested include found in : /home/vagrant/git/tutorial/tutorial-hxs-bitfield-register-pulse-generator-plain/tb/simstm/Common/Common.stm
# nested include found: loading file /home/vagrant/git/tutorial/tutorial-hxs-bitfield-register-pulse-generator-plain/tb/simstm/Abnormal/DynamicConfigMistakes.stm
# nested include found in : /home/vagrant/git/tutorial/tutorial-hxs-bitfield-register-pulse-generator-plain/tb/simstm/Common/Common.stm
# nested include found: loading file /home/vagrant/git/tutorial/tutorial-hxs-bitfield-register-pulse-generator-plain/tb/simstm/Regular/StaticConfig.stm
# nested include found in : /home/vagrant/git/tutorial/tutorial-hxs-bitfield-register-pulse-generator-plain/tb/simstm/Common/Common.stm
# nested include found: loading file /home/vagrant/git/tutorial/tutorial-hxs-bitfield-register-pulse-generator-plain/tb/simstm/TestCase/TestCase.stm
# nested include found in : /home/vagrant/git/tutorial/tutorial-hxs-bitfield-register-pulse-generator-plain/tb/simstm/Common/Common.stm
# nested include found: loading file /home/vagrant/git/tutorial/tutorial-hxs-bitfield-register-pulse-generator-plain/tb/simstm/TestSuites/TestSuiteAbnormal.stm
# nested include found in : /home/vagrant/git/tutorial/tutorial-hxs-bitfield-register-pulse-generator-plain/tb/simstm/Common/Common.stm
# nested include found: loading file /home/vagrant/git/tutorial/tutorial-hxs-bitfield-register-pulse-generator-plain/tb/simstm/TestSuites/TestSuiteRegular.stm
# Main test suite Regular behaviours started
# **********START*TESTCASE*testSuiteRegular_testCasePeriod4000nsWidth1500ns**********
# Started at simulation time of 1004ns
# testPeriod4000nsWidth1500ns started
# loops rising 0x4 
# loops falling 0x4 
# was here
# Passed 4 verify instructions
# Passed 6 timeout monitored bus access instructions
# Success
# testPeriod4000nsWidth1500ns ended
# Ended at simulation time of 17634ns
# **********END*TESTCASE*testSuiteRegular_testCasePeriod4000nsWidth1500ns**********
# Main test suite Regular behaviours ended
# ** Note: Verify passes 4
#    Time: 18637300 ps  Iteration: 0  Instance: /tbtop/i_tb_simstm
# ** Note: Timeout monitored bus access passes 6
#    Time: 18637300 ps  Iteration: 0  Instance: /tbtop/i_tb_simstm
# ** Note: SUCCESS
#    Time: 18637300 ps  Iteration: 0  Instance: /tbtop/i_tb_simstm
# ** Note: Test finished
#    Time: 18637300 ps  Iteration: 0  Instance: /tbtop/i_tb_simstm
# End time: 14:54:16 on Aug 27,2025, Elapsed time: 0:00:01
# Errors: 0, Warnings: 12
</system-out>
      <system-err/>
   </testsuite>
</testsuites>
