<?xml version="1.0" ?>
<testsuites name="testSuitesSimulation" tests="2" skipped="0" errors="0" failures="0" assertions="10" timestamp="2024-10-31T21:44:29.207687" time="0.990496">
   <testsuite name="testSuiteAbnormal" tests="1" skipped="0" errors="0" failures="0" assertions="1" timestamp="2024-10-31T21:44:30.050108" time="0.005003" file="TestSuites/TestSuiteAbnormal.stm">
      <system-out># vsim -t ps -L work work.tbTop -batch -gstimulus_path=/home/vagrant/git/tutorial/tutorial-hxs-bitfield-register-pulse-generator-plain/tb/simstm/ -gstimulus_file=testMainSuiteAbnormal.stm -gstimulus_main_entry_label=$testMainSuiteAbnormal -gtutorial_flavour=0 -gtutorial_bustype=2 -do &quot;run_all.do&quot; 
# Start time: 21:44:29 on Oct 31,2024
# ** Note: (vsim-8009) Loading existing optimized design _opt4
# //  Questa Intel Starter FPGA Edition-64
# //  Version 2023.3 linux_x86_64 Jul 17 2023
# //
# //  Copyright 1991-2023 Mentor Graphics Corporation
# //  All Rights Reserved.
# //
# //  QuestaSim and its associated documentation contain trade
# //  secrets and commercial or financial information that are the property of
# //  Mentor Graphics Corporation and are privileged, confidential,
# //  and exempt from disclosure under the Freedom of Information Act,
# //  5 U.S.C. Section 552. Furthermore, this information
# //  is prohibited from disclosure under the Trade Secrets Act,
# //  18 U.S.C. Section 1905.
# //
# Loading std.standard
# Loading std.textio(body)
# Loading ieee.std_logic_1164(body)
# Loading ieee.numeric_std(body)
# Loading work.basic(body)
# Loading ieee.math_real(body)
# Loading work.tb_base_pkg(body)
# Loading work.tb_bus_avalon_pkg(body)
# Loading work.tb_bus_axi4lite_pkg(body)
# Loading work.tb_bus_wishbone_pkg(body)
# Loading work.tb_bus_pkg(body)
# Loading work.tb_signals_pkg(body)
# Loading work.pulsegeneratorplainifcuserpackage
# Loading std.env(body)
# Loading work.tb_instructions_pkg(body)
# Loading work.tb_interpreter_pkg(body)
# Loading work.pulsegeneratorplainifcwishbonepackage
# Loading work.pulsegeneratorplainifcavalonpackage
# Loading work.pulsegeneratorplainifcaxi4litepackage
# Loading work.tbtop(behavioural)#1
# Loading work.tb_simstm(behavioural)#1
# Loading work.pulsegeneratorplainifcaxi4lite(behavioural)#1
# 
# do run_all.do
# ** Warning: NUMERIC_STD.&quot;&gt;=&quot;: metavalue detected, returning FALSE
#    Time: 0 ps  Iteration: 0  Instance: /tbtop/g_tb_DutAxi4Lite/i_tbDutAxi4Lite/i_PulseGeneratorPlainAxi4LiteHxs/i_PulseGeneratorPlainIfcAxi4Lite/i_PulseGeneratorPlainBlk_PulseGeneratorPlainIfcAxi4Lite
# ** Warning: NUMERIC_STD.&quot;&gt;=&quot;: metavalue detected, returning FALSE
#    Time: 0 ps  Iteration: 0  Instance: /tbtop/g_tb_DutAxi4Lite/i_tbDutAxi4Lite/i_PulseGeneratorPlainAxi4LiteHxs/i_PulseGeneratorPlainIfcAxi4Lite/i_PulseGeneratorPlainBlk_PulseGeneratorPlainIfcAxi4Lite
# ** Warning: NUMERIC_STD.&quot;&gt;=&quot;: metavalue detected, returning FALSE
#    Time: 0 ps  Iteration: 0  Instance: /tbtop/g_tb_DutAxi4Lite/i_tbDutAxi4Lite/i_PulseGeneratorPlainAxi4LiteHxs/i_PulseGeneratorPlainIfcAxi4Lite/i_PulseGeneratorPlainBlk_PulseGeneratorPlainIfcAxi4Lite
# ** Warning: NUMERIC_STD.&quot;&gt;=&quot;: metavalue detected, returning FALSE
#    Time: 0 ps  Iteration: 0  Instance: /tbtop/g_tb_DutAxi4Lite/i_tbDutAxi4Lite/i_PulseGeneratorPlainAxi4LiteHxs/i_PulseGeneratorPlainIfcAxi4Lite/i_PulseGeneratorPlainBlk_PulseGeneratorPlainIfcAxi4Lite
# ** Warning: NUMERIC_STD.&quot;&gt;=&quot;: metavalue detected, returning FALSE
#    Time: 0 ps  Iteration: 0  Instance: /tbtop/g_tb_DutAxi4Lite/i_tbDutAxi4Lite/i_PulseGeneratorPlainAxi4LiteHxs/i_PulseGeneratorPlainIfcAxi4Lite/i_PulseGeneratorPlainBlk_PulseGeneratorPlainIfcAxi4Lite
# ** Warning: NUMERIC_STD.&quot;&gt;=&quot;: metavalue detected, returning FALSE
#    Time: 0 ps  Iteration: 0  Instance: /tbtop/g_tb_DutAxi4Lite/i_tbDutAxi4Lite/i_PulseGeneratorPlainAxi4LiteHxs/i_PulseGeneratorPlainIfcAxi4Lite/i_PulseGeneratorPlainBlk_PulseGeneratorPlainIfcAxi4Lite
# ** Warning: NUMERIC_STD.&quot;&gt;=&quot;: metavalue detected, returning FALSE
#    Time: 0 ps  Iteration: 0  Instance: /tbtop/g_tb_DutAxi4Lite/i_tbDutAxi4Lite/i_PulseGeneratorPlainAxi4LiteHxs/i_PulseGeneratorPlainIfcAxi4Lite/i_PulseGeneratorPlainBlk_PulseGeneratorPlainIfcAxi4Lite
# ** Warning: NUMERIC_STD.&quot;&gt;=&quot;: metavalue detected, returning FALSE
#    Time: 0 ps  Iteration: 0  Instance: /tbtop/g_tb_DutAxi4Lite/i_tbDutAxi4Lite/i_PulseGeneratorPlainAxi4LiteHxs/i_PulseGeneratorPlainIfcAxi4Lite/i_PulseGeneratorPlainBlk_PulseGeneratorPlainIfcAxi4Lite
# include found: loading file /home/vagrant/git/tutorial/tutorial-hxs-bitfield-register-pulse-generator-plain/tb/simstm/Common/Common.stm
# nested include found in : /home/vagrant/git/tutorial/tutorial-hxs-bitfield-register-pulse-generator-plain/tb/simstm/Common/Common.stm
# nested include found: loading file /home/vagrant/git/tutorial/tutorial-hxs-bitfield-register-pulse-generator-plain/tb/simstm/../../src-gen/simstm/PulseGeneratorPlainIfc.stm
# nested include found in : /home/vagrant/git/tutorial/tutorial-hxs-bitfield-register-pulse-generator-plain/tb/simstm/Common/Common.stm
# nested include found: loading file /home/vagrant/git/tutorial/tutorial-hxs-bitfield-register-pulse-generator-plain/tb/simstm/Base/Base.stm
# nested include found in : /home/vagrant/git/tutorial/tutorial-hxs-bitfield-register-pulse-generator-plain/tb/simstm/Common/Common.stm
# nested include found: loading file /home/vagrant/git/tutorial/tutorial-hxs-bitfield-register-pulse-generator-plain/tb/simstm/Base/Array.stm
# nested include found in : /home/vagrant/git/tutorial/tutorial-hxs-bitfield-register-pulse-generator-plain/tb/simstm/Common/Common.stm
# nested include found: loading file /home/vagrant/git/tutorial/tutorial-hxs-bitfield-register-pulse-generator-plain/tb/simstm/Base/ReadModifyWrite.stm
# nested include found in : /home/vagrant/git/tutorial/tutorial-hxs-bitfield-register-pulse-generator-plain/tb/simstm/Common/Common.stm
# nested include found: loading file /home/vagrant/git/tutorial/tutorial-hxs-bitfield-register-pulse-generator-plain/tb/simstm/SetGet/PulseGeneratorPlainSetGet.stm
# nested include found in : /home/vagrant/git/tutorial/tutorial-hxs-bitfield-register-pulse-generator-plain/tb/simstm/Common/Common.stm
# nested include found: loading file /home/vagrant/git/tutorial/tutorial-hxs-bitfield-register-pulse-generator-plain/tb/simstm/Abnormal/DynamicConfigMistakes.stm
# nested include found in : /home/vagrant/git/tutorial/tutorial-hxs-bitfield-register-pulse-generator-plain/tb/simstm/Common/Common.stm
# nested include found: loading file /home/vagrant/git/tutorial/tutorial-hxs-bitfield-register-pulse-generator-plain/tb/simstm/Regular/StaticConfig.stm
# nested include found in : /home/vagrant/git/tutorial/tutorial-hxs-bitfield-register-pulse-generator-plain/tb/simstm/Common/Common.stm
# nested include found: loading file /home/vagrant/git/tutorial/tutorial-hxs-bitfield-register-pulse-generator-plain/tb/simstm/TestCase/TestCase.stm
# nested include found in : /home/vagrant/git/tutorial/tutorial-hxs-bitfield-register-pulse-generator-plain/tb/simstm/Common/Common.stm
# nested include found: loading file /home/vagrant/git/tutorial/tutorial-hxs-bitfield-register-pulse-generator-plain/tb/simstm/TestSuites/TestSuiteAbnormal.stm
# nested include found in : /home/vagrant/git/tutorial/tutorial-hxs-bitfield-register-pulse-generator-plain/tb/simstm/Common/Common.stm
# nested include found: loading file /home/vagrant/git/tutorial/tutorial-hxs-bitfield-register-pulse-generator-plain/tb/simstm/TestSuites/TestSuiteRegular.stm
# Main test suite Abnormal behaviours started
# **********START*TESTCASE*testSuiteAbnormal_testCasePeriodChangeToTooSmall**********
# Started at simulation time of 1004ns
# testPeriodChangeToTooSmall started
# testPeriodChangeToTooSmall ended successfully
# Ended at simulation time of 4726ns
# **********END*TESTCASE*testSuiteAbnormal_testCasePeriodChangeToTooSmall**********
# Main test suite Abnormal behaviours ended
# ** Note: test finished with no errors!!
#    Time: 5729200 ps  Iteration: 0  Instance: /tbtop/i_tb_simstm
# End time: 21:44:30 on Oct 31,2024, Elapsed time: 0:00:01
# Errors: 0, Warnings: 8
</system-out>
      <system-err/>
      <testcase name="testSuiteAbnormal_testCasePeriodChangeToTooSmall" assertions="1" classname="testSuiteAbnormal" file="TestSuites/TestSuiteAbnormal.stm" line="TestSuites/TestSuiteAbnormal.stm" time="0.005003">
         <properties>
            <property name="SimulatedStartTime" value="1004"/>
            <property name="SimulatedEndTime" value="4726"/>
            <property name="SimulatedDuration" value="3722"/>
         </properties>
      </testcase>
   </testsuite>
   <testsuite name="testSuiteRegular" tests="1" skipped="0" errors="0" failures="0" assertions="9" timestamp="2024-10-31T21:44:30.160163" time="0.006004" file="TestSuites/TestSuiteRegular.stm">
      <system-out># vsim -t ps -L work work.tbTop -batch -gstimulus_path=/home/vagrant/git/tutorial/tutorial-hxs-bitfield-register-pulse-generator-plain/tb/simstm/ -gstimulus_file=testMainSuiteRegular.stm -gstimulus_main_entry_label=$testMainSuiteRegular -gtutorial_flavour=0 -gtutorial_bustype=2 -do &quot;run_all.do&quot; 
# Start time: 21:44:29 on Oct 31,2024
# ** Note: (vsim-8009) Loading existing optimized design _opt3
# //  Questa Intel Starter FPGA Edition-64
# //  Version 2023.3 linux_x86_64 Jul 17 2023
# //
# //  Copyright 1991-2023 Mentor Graphics Corporation
# //  All Rights Reserved.
# //
# //  QuestaSim and its associated documentation contain trade
# //  secrets and commercial or financial information that are the property of
# //  Mentor Graphics Corporation and are privileged, confidential,
# //  and exempt from disclosure under the Freedom of Information Act,
# //  5 U.S.C. Section 552. Furthermore, this information
# //  is prohibited from disclosure under the Trade Secrets Act,
# //  18 U.S.C. Section 1905.
# //
# Loading std.standard
# Loading std.textio(body)
# Loading ieee.std_logic_1164(body)
# Loading ieee.numeric_std(body)
# Loading work.basic(body)
# Loading ieee.math_real(body)
# Loading work.tb_base_pkg(body)
# Loading work.tb_bus_avalon_pkg(body)
# Loading work.tb_bus_axi4lite_pkg(body)
# Loading work.tb_bus_wishbone_pkg(body)
# Loading work.tb_bus_pkg(body)
# Loading work.tb_signals_pkg(body)
# Loading work.pulsegeneratorplainifcuserpackage
# Loading std.env(body)
# Loading work.tb_instructions_pkg(body)
# Loading work.tb_interpreter_pkg(body)
# Loading work.pulsegeneratorplainifcwishbonepackage
# Loading work.pulsegeneratorplainifcavalonpackage
# Loading work.pulsegeneratorplainifcaxi4litepackage
# Loading work.tbtop(behavioural)#1
# Loading work.tb_simstm(behavioural)#1
# Loading work.pulsegeneratorplainifcaxi4lite(behavioural)#1
# 
# do run_all.do
# ** Warning: NUMERIC_STD.&quot;&gt;=&quot;: metavalue detected, returning FALSE
#    Time: 0 ps  Iteration: 0  Instance: /tbtop/g_tb_DutAxi4Lite/i_tbDutAxi4Lite/i_PulseGeneratorPlainAxi4LiteHxs/i_PulseGeneratorPlainIfcAxi4Lite/i_PulseGeneratorPlainBlk_PulseGeneratorPlainIfcAxi4Lite
# ** Warning: NUMERIC_STD.&quot;&gt;=&quot;: metavalue detected, returning FALSE
#    Time: 0 ps  Iteration: 0  Instance: /tbtop/g_tb_DutAxi4Lite/i_tbDutAxi4Lite/i_PulseGeneratorPlainAxi4LiteHxs/i_PulseGeneratorPlainIfcAxi4Lite/i_PulseGeneratorPlainBlk_PulseGeneratorPlainIfcAxi4Lite
# ** Warning: NUMERIC_STD.&quot;&gt;=&quot;: metavalue detected, returning FALSE
#    Time: 0 ps  Iteration: 0  Instance: /tbtop/g_tb_DutAxi4Lite/i_tbDutAxi4Lite/i_PulseGeneratorPlainAxi4LiteHxs/i_PulseGeneratorPlainIfcAxi4Lite/i_PulseGeneratorPlainBlk_PulseGeneratorPlainIfcAxi4Lite
# ** Warning: NUMERIC_STD.&quot;&gt;=&quot;: metavalue detected, returning FALSE
#    Time: 0 ps  Iteration: 0  Instance: /tbtop/g_tb_DutAxi4Lite/i_tbDutAxi4Lite/i_PulseGeneratorPlainAxi4LiteHxs/i_PulseGeneratorPlainIfcAxi4Lite/i_PulseGeneratorPlainBlk_PulseGeneratorPlainIfcAxi4Lite
# ** Warning: NUMERIC_STD.&quot;&gt;=&quot;: metavalue detected, returning FALSE
#    Time: 0 ps  Iteration: 0  Instance: /tbtop/g_tb_DutAxi4Lite/i_tbDutAxi4Lite/i_PulseGeneratorPlainAxi4LiteHxs/i_PulseGeneratorPlainIfcAxi4Lite/i_PulseGeneratorPlainBlk_PulseGeneratorPlainIfcAxi4Lite
# ** Warning: NUMERIC_STD.&quot;&gt;=&quot;: metavalue detected, returning FALSE
#    Time: 0 ps  Iteration: 0  Instance: /tbtop/g_tb_DutAxi4Lite/i_tbDutAxi4Lite/i_PulseGeneratorPlainAxi4LiteHxs/i_PulseGeneratorPlainIfcAxi4Lite/i_PulseGeneratorPlainBlk_PulseGeneratorPlainIfcAxi4Lite
# ** Warning: NUMERIC_STD.&quot;&gt;=&quot;: metavalue detected, returning FALSE
#    Time: 0 ps  Iteration: 0  Instance: /tbtop/g_tb_DutAxi4Lite/i_tbDutAxi4Lite/i_PulseGeneratorPlainAxi4LiteHxs/i_PulseGeneratorPlainIfcAxi4Lite/i_PulseGeneratorPlainBlk_PulseGeneratorPlainIfcAxi4Lite
# ** Warning: NUMERIC_STD.&quot;&gt;=&quot;: metavalue detected, returning FALSE
#    Time: 0 ps  Iteration: 0  Instance: /tbtop/g_tb_DutAxi4Lite/i_tbDutAxi4Lite/i_PulseGeneratorPlainAxi4LiteHxs/i_PulseGeneratorPlainIfcAxi4Lite/i_PulseGeneratorPlainBlk_PulseGeneratorPlainIfcAxi4Lite
# include found: loading file /home/vagrant/git/tutorial/tutorial-hxs-bitfield-register-pulse-generator-plain/tb/simstm/Common/Common.stm
# nested include found in : /home/vagrant/git/tutorial/tutorial-hxs-bitfield-register-pulse-generator-plain/tb/simstm/Common/Common.stm
# nested include found: loading file /home/vagrant/git/tutorial/tutorial-hxs-bitfield-register-pulse-generator-plain/tb/simstm/../../src-gen/simstm/PulseGeneratorPlainIfc.stm
# nested include found in : /home/vagrant/git/tutorial/tutorial-hxs-bitfield-register-pulse-generator-plain/tb/simstm/Common/Common.stm
# nested include found: loading file /home/vagrant/git/tutorial/tutorial-hxs-bitfield-register-pulse-generator-plain/tb/simstm/Base/Base.stm
# nested include found in : /home/vagrant/git/tutorial/tutorial-hxs-bitfield-register-pulse-generator-plain/tb/simstm/Common/Common.stm
# nested include found: loading file /home/vagrant/git/tutorial/tutorial-hxs-bitfield-register-pulse-generator-plain/tb/simstm/Base/Array.stm
# nested include found in : /home/vagrant/git/tutorial/tutorial-hxs-bitfield-register-pulse-generator-plain/tb/simstm/Common/Common.stm
# nested include found: loading file /home/vagrant/git/tutorial/tutorial-hxs-bitfield-register-pulse-generator-plain/tb/simstm/Base/ReadModifyWrite.stm
# nested include found in : /home/vagrant/git/tutorial/tutorial-hxs-bitfield-register-pulse-generator-plain/tb/simstm/Common/Common.stm
# nested include found: loading file /home/vagrant/git/tutorial/tutorial-hxs-bitfield-register-pulse-generator-plain/tb/simstm/SetGet/PulseGeneratorPlainSetGet.stm
# nested include found in : /home/vagrant/git/tutorial/tutorial-hxs-bitfield-register-pulse-generator-plain/tb/simstm/Common/Common.stm
# nested include found: loading file /home/vagrant/git/tutorial/tutorial-hxs-bitfield-register-pulse-generator-plain/tb/simstm/Abnormal/DynamicConfigMistakes.stm
# nested include found in : /home/vagrant/git/tutorial/tutorial-hxs-bitfield-register-pulse-generator-plain/tb/simstm/Common/Common.stm
# nested include found: loading file /home/vagrant/git/tutorial/tutorial-hxs-bitfield-register-pulse-generator-plain/tb/simstm/Regular/StaticConfig.stm
# nested include found in : /home/vagrant/git/tutorial/tutorial-hxs-bitfield-register-pulse-generator-plain/tb/simstm/Common/Common.stm
# nested include found: loading file /home/vagrant/git/tutorial/tutorial-hxs-bitfield-register-pulse-generator-plain/tb/simstm/TestCase/TestCase.stm
# nested include found in : /home/vagrant/git/tutorial/tutorial-hxs-bitfield-register-pulse-generator-plain/tb/simstm/Common/Common.stm
# nested include found: loading file /home/vagrant/git/tutorial/tutorial-hxs-bitfield-register-pulse-generator-plain/tb/simstm/TestSuites/TestSuiteAbnormal.stm
# nested include found in : /home/vagrant/git/tutorial/tutorial-hxs-bitfield-register-pulse-generator-plain/tb/simstm/Common/Common.stm
# nested include found: loading file /home/vagrant/git/tutorial/tutorial-hxs-bitfield-register-pulse-generator-plain/tb/simstm/TestSuites/TestSuiteRegular.stm
# Main test suite Regular behaviours started
# **********START*TESTCASE*testSuiteRegular_testCasePeriod4000nsWidth1500ns**********
# Started at simulation time of 1004ns
# testPeriod4000nsWidth1500ns started
# testPeriod4000nsWidth1500ns ended successfully
# Ended at simulation time of 17602ns
# **********END*TESTCASE*testSuiteRegular_testCasePeriod4000nsWidth1500ns**********
# Main test suite Regular behaviours ended
# ** Note: test finished with no errors!!
#    Time: 18604500 ps  Iteration: 0  Instance: /tbtop/i_tb_simstm
# End time: 21:44:30 on Oct 31,2024, Elapsed time: 0:00:01
# Errors: 0, Warnings: 8
</system-out>
      <system-err/>
      <testcase name="testSuiteRegular_testCasePeriod4000nsWidth1500ns" assertions="9" classname="testSuiteRegular" file="TestSuites/TestSuiteRegular.stm" line="TestSuites/TestSuiteRegular.stm" time="0.006004">
         <properties>
            <property name="SimulatedStartTime" value="1004"/>
            <property name="SimulatedEndTime" value="17602"/>
            <property name="SimulatedDuration" value="16598"/>
         </properties>
      </testcase>
   </testsuite>
</testsuites>
